gyp info it worked if it ends with ok
gyp info using node-gyp@10.0.1
gyp info using node@18.18.2 | darwin | arm64
gyp info find Python using Python version 3.13.0 found at "/opt/homebrew/opt/python@3.13/bin/python3.13"

gyp info spawn /opt/homebrew/opt/python@3.13/bin/python3.13
gyp info spawn args [
gyp info spawn args '/usr/local/lib/node_modules/npm/node_modules/node-gyp/gyp/gyp_main.py',
gyp info spawn args 'binding.gyp',
gyp info spawn args '-f',
gyp info spawn args 'make',
gyp info spawn args '-I',
gyp info spawn args '/Users/alessandropoggio/Documents/Dev/javascript30/webcam-fun/node_modules/uws/build/config.gypi',
gyp info spawn args '-I',
gyp info spawn args '/usr/local/lib/node_modules/npm/node_modules/node-gyp/addon.gypi',
gyp info spawn args '-I',
gyp info spawn args '/Users/alessandropoggio/Library/Caches/node-gyp/18.18.2/include/node/common.gypi',
gyp info spawn args '-Dlibrary=shared_library',
gyp info spawn args '-Dvisibility=default',
gyp info spawn args '-Dnode_root_dir=/Users/alessandropoggio/Library/Caches/node-gyp/18.18.2',
gyp info spawn args '-Dnode_gyp_dir=/usr/local/lib/node_modules/npm/node_modules/node-gyp',
gyp info spawn args '-Dnode_lib_file=/Users/alessandropoggio/Library/Caches/node-gyp/18.18.2/<(target_arch)/node.lib',
gyp info spawn args '-Dmodule_root_dir=/Users/alessandropoggio/Documents/Dev/javascript30/webcam-fun/node_modules/uws',
gyp info spawn args '-Dnode_engine=v8',
gyp info spawn args '--depth=.',
gyp info spawn args '--no-parallel',
gyp info spawn args '--generator-output',
gyp info spawn args 'build',
gyp info spawn args '-Goutput_dir=.'
gyp info spawn args ]
gyp info spawn make
gyp info spawn args [ 'BUILDTYPE=Release', '-C', 'build' ]
  CXX(target) Release/obj.target/uws/src/Extensions.o
In file included from ../src/Extensions.cpp:1:
../src/Extensions.h:4:10: fatal error: 'string' file not found
    4 | #include <string>
      |          ^~~~~~~~
1 error generated.
make: *** [Release/obj.target/uws/src/Extensions.o] Error 1
gyp ERR! build error 
gyp ERR! stack Error: `make` failed with exit code: 2
gyp ERR! stack at ChildProcess.<anonymous> (/usr/local/lib/node_modules/npm/node_modules/node-gyp/lib/build.js:209:23)
gyp ERR! System Darwin 24.5.0
gyp ERR! command "/usr/local/bin/node" "/usr/local/lib/node_modules/npm/node_modules/node-gyp/bin/node-gyp.js" "rebuild"
gyp ERR! cwd /Users/alessandropoggio/Documents/Dev/javascript30/webcam-fun/node_modules/uws
gyp ERR! node -v v18.18.2
gyp ERR! node-gyp -v v10.0.1
gyp ERR! not ok 
